INFO:Server:Starting server.
INFO:Server:Setup certificates.
INFO:Server:Encrypt connection.
INFO:Server:('192.168.100.37', 53280) was connected.
INFO:Server:Encrypt connection.
ERROR:Server:Traceback (most recent call last):
  File "/home/yulai/Downloads/bash/makefile_course/http_server/framework/my_framework_v2.py", line 175, in start_thread
    msg = functions[link[0]](result)
          ^^^^^^^^^^^^^^^^^^^^^^^^^^
  File "/home/yulai/Downloads/bash/makefile_course/http_server/framework/server.py", line 10, in hello
    return "hi " + result["name"] + " " + result["surname"]
                   ~~~~~~^^^^^^^^
KeyError: 'name'

INFO:Server:('192.168.100.37', 53294) was connected.
INFO:Server:Encrypt connection.
ERROR:Server:Traceback (most recent call last):
  File "/home/yulai/Downloads/bash/makefile_course/http_server/framework/my_framework_v2.py", line 175, in start_thread
    msg = functions[link[0]](result)
          ^^^^^^^^^^^^^^^^^^^^^^^^^^
  File "/home/yulai/Downloads/bash/makefile_course/http_server/framework/server.py", line 10, in hello
    return "hi " + result["name"] + " " + result["surname"]
                   ~~~~~~^^^^^^^^
KeyError: 'name'

INFO:Server:('192.168.100.37', 53310) was connected.
ERROR:Server:Traceback (most recent call last):
  File "/home/yulai/Downloads/bash/makefile_course/http_server/framework/my_framework_v2.py", line 175, in start_thread
    msg = functions[link[0]](result)
          ^^^^^^^^^^^^^^^^^^^^^^^^^^
  File "/home/yulai/Downloads/bash/makefile_course/http_server/framework/server.py", line 10, in hello
    return "hi " + result["name"] + " " + result["surname"]
                   ~~~~~~^^^^^^^^
KeyError: 'name'

INFO:Server:Starting server.
INFO:Server:Setup certificates.
INFO:Server:Encrypt connection.
INFO:Server:('192.168.100.37', 41404) was connected.
INFO:Server:Encrypt connection.
ERROR:Server:Traceback (most recent call last):
  File "/home/yulai/Downloads/bash/makefile_course/http_server/framework/my_framework_v2.py", line 175, in start_thread
    msg = functions[link[0]](result)
          ^^^^^^^^^^^^^^^^^^^^^^^^^^
  File "/home/yulai/Downloads/bash/makefile_course/http_server/framework/server.py", line 10, in hello
    return "hi " + result["name"] + " " + result["surname"]
                   ~~~~~~^^^^^^^^
KeyError: 'name'

INFO:Server:('192.168.100.37', 41420) was connected.
